# JRE version: Java(TM) SE Runtime Environment (20.0+36) (build 20+36-2344)
# Java VM: Java HotSpot(TM) 64-Bit Server VM (20+36-2344, mixed mode, emulated-client, sharing, tiered, compressed oops, compressed class ptrs, g1 gc, windows-amd64)
GC Precious Log:
 CardTable entry size: 512
 Card Set container configuration: InlinePtr #cards 4 size 8 Array Of Cards #cards 16 size 48 Howl #buckets 8 coarsen threshold 3686 Howl Bitmap #cards 512 size 80 coarsen threshold 460 Card regions per heap region 1 cards per card region 4096
 CPUs: 8 total, 8 available
 Memory: 16242M
 Large Page Support: Disabled
 NUMA Support: Disabled
 Compressed Oops: Enabled (Zero based)
 Heap Region Size: 2M
 Heap Min Capacity: 8M
 Heap Initial Capacity: 254M
 Heap Max Capacity: 4062M
 Pre-touch: Disabled
 Parallel Workers: 8
 Concurrent Workers: 2
 Concurrent Refinement Workers: 8
 Periodic GC: Disabled
Heap:
 garbage-first heap   total 90112K, used 60885K [0x0000000702200000, 0x0000000800000000)
  region size 2048K, 17 young (34816K), 2 survivors (4096K)
 Metaspace       used 73150K, committed 73920K, reserved 1114112K
  class space    used 10031K, committed 10368K, reserved 1048576K
GC Heap History (20 events):
Event: 2168.410 GC heap before
{Heap before GC invocations=42 (full 5):
 garbage-first heap   total 90112K, used 35055K [0x0000000702200000, 0x0000000800000000)
  region size 2048K, 4 young (8192K), 1 survivors (2048K)
 Metaspace       used 71041K, committed 71872K, reserved 1114112K
  class space    used 9822K, committed 10176K, reserved 1048576K
}
Event: 2168.444 GC heap after
{Heap after GC invocations=43 (full 6):
 garbage-first heap   total 90112K, used 22907K [0x0000000702200000, 0x0000000800000000)
  region size 2048K, 0 young (0K), 0 survivors (0K)
 Metaspace       used 71005K, committed 71872K, reserved 1114112K
  class space    used 9816K, committed 10176K, reserved 1048576K
}
Event: 2169.629 GC heap before
{Heap before GC invocations=43 (full 6):
 garbage-first heap   total 90112K, used 76155K [0x0000000702200000, 0x0000000800000000)
  region size 2048K, 26 young (53248K), 0 survivors (0K)
 Metaspace       used 71298K, committed 72000K, reserved 1114112K
  class space    used 9879K, committed 10176K, reserved 1048576K
}
Event: 2169.633 GC heap after
{Heap after GC invocations=44 (full 6):
 garbage-first heap   total 90112K, used 29141K [0x0000000702200000, 0x0000000800000000)
  region size 2048K, 4 young (8192K), 4 survivors (8192K)
 Metaspace       used 71298K, committed 72000K, reserved 1114112K
  class space    used 9879K, committed 10176K, reserved 1048576K
}
Event: 2183.112 GC heap before
{Heap before GC invocations=45 (full 6):
 garbage-first heap   total 90112K, used 61909K [0x0000000702200000, 0x0000000800000000)
  region size 2048K, 21 young (43008K), 4 survivors (8192K)
 Metaspace       used 71700K, committed 72448K, reserved 1114112K
  class space    used 9911K, committed 10240K, reserved 1048576K
}
Event: 2183.150 GC heap after
{Heap after GC invocations=46 (full 7):
 garbage-first heap   total 90112K, used 25744K [0x0000000702200000, 0x0000000800000000)
  region size 2048K, 0 young (0K), 0 survivors (0K)
 Metaspace       used 71632K, committed 72448K, reserved 1114112K
  class space    used 9896K, committed 10240K, reserved 1048576K
}
Event: 2184.086 GC heap before
{Heap before GC invocations=46 (full 7):
 garbage-first heap   total 90112K, used 76944K [0x0000000702200000, 0x0000000800000000)
  region size 2048K, 25 young (51200K), 0 survivors (0K)
 Metaspace       used 71895K, committed 72640K, reserved 1114112K
  class space    used 9932K, committed 10240K, reserved 1048576K
}
Event: 2184.089 GC heap after
{Heap after GC invocations=47 (full 7):
 garbage-first heap   total 90112K, used 30760K [0x0000000702200000, 0x0000000800000000)
  region size 2048K, 3 young (6144K), 3 survivors (6144K)
 Metaspace       used 71895K, committed 72640K, reserved 1114112K
  class space    used 9932K, committed 10240K, reserved 1048576K
}
Event: 2226.537 GC heap before
{Heap before GC invocations=48 (full 7):
 garbage-first heap   total 90112K, used 63528K [0x0000000702200000, 0x0000000800000000)
  region size 2048K, 20 young (40960K), 3 survivors (6144K)
 Metaspace       used 72163K, committed 72960K, reserved 1114112K
  class space    used 9948K, committed 10304K, reserved 1048576K
}
Event: 2226.582 GC heap after
{Heap after GC invocations=49 (full 8):
 garbage-first heap   total 90112K, used 26130K [0x0000000702200000, 0x0000000800000000)
  region size 2048K, 0 young (0K), 0 survivors (0K)
 Metaspace       used 72142K, committed 72960K, reserved 1114112K
  class space    used 9945K, committed 10304K, reserved 1048576K
}
Event: 2227.626 GC heap before
{Heap before GC invocations=49 (full 8):
 garbage-first heap   total 90112K, used 75282K [0x0000000702200000, 0x0000000800000000)
  region size 2048K, 24 young (49152K), 0 survivors (0K)
 Metaspace       used 72315K, committed 73088K, reserved 1114112K
  class space    used 9973K, committed 10304K, reserved 1048576K
}
Event: 2227.629 GC heap after
{Heap after GC invocations=50 (full 8):
 garbage-first heap   total 90112K, used 30752K [0x0000000702200000, 0x0000000800000000)
  region size 2048K, 3 young (6144K), 3 survivors (6144K)
 Metaspace       used 72315K, committed 73088K, reserved 1114112K
  class space    used 9973K, committed 10304K, reserved 1048576K
}
Event: 2327.906 GC heap before
{Heap before GC invocations=51 (full 8):
 garbage-first heap   total 90112K, used 71712K [0x0000000702200000, 0x0000000800000000)
  region size 2048K, 24 young (49152K), 3 survivors (6144K)
 Metaspace       used 72579K, committed 73344K, reserved 1114112K
  class space    used 9968K, committed 10304K, reserved 1048576K
}
Event: 2327.954 GC heap after
{Heap after GC invocations=52 (full 9):
 garbage-first heap   total 90112K, used 26282K [0x0000000702200000, 0x0000000800000000)
  region size 2048K, 0 young (0K), 0 survivors (0K)
 Metaspace       used 72559K, committed 73344K, reserved 1114112K
  class space    used 9965K, committed 10304K, reserved 1048576K
}
Event: 2328.530 GC heap before
{Heap before GC invocations=52 (full 9):
 garbage-first heap   total 90112K, used 73386K [0x0000000702200000, 0x0000000800000000)
  region size 2048K, 23 young (47104K), 0 survivors (0K)
 Metaspace       used 72715K, committed 73472K, reserved 1114112K
  class space    used 9998K, committed 10304K, reserved 1048576K
}
Event: 2328.534 GC heap after
{Heap after GC invocations=53 (full 9):
 garbage-first heap   total 90112K, used 30295K [0x0000000702200000, 0x0000000800000000)
  region size 2048K, 2 young (4096K), 2 survivors (4096K)
 Metaspace       used 72715K, committed 73472K, reserved 1114112K
  class space    used 9998K, committed 10304K, reserved 1048576K
}
Event: 2434.684 GC heap before
{Heap before GC invocations=54 (full 9):
 garbage-first heap   total 90112K, used 75351K [0x0000000702200000, 0x0000000800000000)
  region size 2048K, 24 young (49152K), 2 survivors (4096K)
 Metaspace       used 73124K, committed 73920K, reserved 1114112K
  class space    used 10027K, committed 10368K, reserved 1048576K
}
Event: 2434.688 GC heap after
{Heap after GC invocations=55 (full 9):
 garbage-first heap   total 90112K, used 32453K [0x0000000702200000, 0x0000000800000000)
  region size 2048K, 2 young (4096K), 2 survivors (4096K)
 Metaspace       used 73124K, committed 73920K, reserved 1114112K
  class space    used 10027K, committed 10368K, reserved 1048576K
}
Event: 2787.217 GC heap before
{Heap before GC invocations=55 (full 9):
 garbage-first heap   total 90112K, used 73413K [0x0000000702200000, 0x0000000800000000)
  region size 2048K, 22 young (45056K), 2 survivors (4096K)
 Metaspace       used 73124K, committed 73920K, reserved 1114112K
  class space    used 10027K, committed 10368K, reserved 1048576K
}
Event: 2787.219 GC heap after
{Heap after GC invocations=56 (full 9):
 garbage-first heap   total 90112K, used 32213K [0x0000000702200000, 0x0000000800000000)
  region size 2048K, 2 young (4096K), 2 survivors (4096K)
 Metaspace       used 73124K, committed 73920K, reserved 1114112K
  class space    used 10027K, committed 10368K, reserved 1048576K
}

