# JRE version: Java(TM) SE Runtime Environment (20.0+36) (build 20+36-2344)
# Java VM: Java HotSpot(TM) 64-Bit Server VM (20+36-2344, mixed mode, emulated-client, sharing, tiered, compressed oops, compressed class ptrs, g1 gc, windows-amd64)
GC Precious Log:
 CardTable entry size: 512
 Card Set container configuration: InlinePtr #cards 4 size 8 Array Of Cards #cards 16 size 48 Howl #buckets 8 coarsen threshold 3686 Howl Bitmap #cards 512 size 80 coarsen threshold 460 Card regions per heap region 1 cards per card region 4096
 CPUs: 8 total, 8 available
 Memory: 16242M
 Large Page Support: Disabled
 NUMA Support: Disabled
 Compressed Oops: Enabled (Zero based)
 Heap Region Size: 2M
 Heap Min Capacity: 8M
 Heap Initial Capacity: 254M
 Heap Max Capacity: 4062M
 Pre-touch: Disabled
 Parallel Workers: 8
 Concurrent Workers: 2
 Concurrent Refinement Workers: 8
 Periodic GC: Disabled
Heap:
 garbage-first heap   total 92160K, used 78684K [0x0000000702200000, 0x0000000800000000)
  region size 2048K, 22 young (45056K), 3 survivors (6144K)
 Metaspace       used 67868K, committed 68544K, reserved 1114112K
  class space    used 9561K, committed 9856K, reserved 1048576K
GC Heap History (20 events):
Event: 5.164 GC heap after
{Heap after GC invocations=19 (full 0):
 garbage-first heap   total 92160K, used 26665K [0x0000000702200000, 0x0000000800000000)
  region size 2048K, 3 young (6144K), 3 survivors (6144K)
 Metaspace       used 57492K, committed 58112K, reserved 1114112K
  class space    used 7972K, committed 8256K, reserved 1048576K
}
Event: 5.488 GC heap before
{Heap before GC invocations=19 (full 0):
 garbage-first heap   total 92160K, used 75817K [0x0000000702200000, 0x0000000800000000)
  region size 2048K, 27 young (55296K), 3 survivors (6144K)
 Metaspace       used 60929K, committed 61504K, reserved 1114112K
  class space    used 8559K, committed 8832K, reserved 1048576K
}
Event: 5.493 GC heap after
{Heap after GC invocations=20 (full 0):
 garbage-first heap   total 92160K, used 28304K [0x0000000702200000, 0x0000000800000000)
  region size 2048K, 4 young (8192K), 4 survivors (8192K)
 Metaspace       used 60929K, committed 61504K, reserved 1114112K
  class space    used 8559K, committed 8832K, reserved 1048576K
}
Event: 5.894 GC heap before
{Heap before GC invocations=20 (full 0):
 garbage-first heap   total 92160K, used 75408K [0x0000000702200000, 0x0000000800000000)
  region size 2048K, 27 young (55296K), 4 survivors (8192K)
 Metaspace       used 63928K, committed 64576K, reserved 1114112K
  class space    used 8987K, committed 9280K, reserved 1048576K
}
Event: 5.900 GC heap after
{Heap after GC invocations=21 (full 0):
 garbage-first heap   total 92160K, used 31260K [0x0000000702200000, 0x0000000800000000)
  region size 2048K, 4 young (8192K), 4 survivors (8192K)
 Metaspace       used 63928K, committed 64576K, reserved 1114112K
  class space    used 8987K, committed 9280K, reserved 1048576K
}
Event: 42.295 GC heap before
{Heap before GC invocations=21 (full 0):
 garbage-first heap   total 92160K, used 66076K [0x0000000702200000, 0x0000000800000000)
  region size 2048K, 23 young (47104K), 4 survivors (8192K)
 Metaspace       used 66829K, committed 67520K, reserved 1114112K
  class space    used 9417K, committed 9728K, reserved 1048576K
}
Event: 42.452 GC heap after
{Heap after GC invocations=22 (full 1):
 garbage-first heap   total 92160K, used 26357K [0x0000000702200000, 0x0000000800000000)
  region size 2048K, 0 young (0K), 0 survivors (0K)
 Metaspace       used 66812K, committed 67520K, reserved 1114112K
  class space    used 9414K, committed 9728K, reserved 1048576K
}
Event: 109.085 GC heap before
{Heap before GC invocations=22 (full 1):
 garbage-first heap   total 92160K, used 79605K [0x0000000702200000, 0x0000000800000000)
  region size 2048K, 26 young (53248K), 0 survivors (0K)
 Metaspace       used 67031K, committed 67712K, reserved 1114112K
  class space    used 9476K, committed 9792K, reserved 1048576K
}
Event: 109.088 GC heap after
{Heap after GC invocations=23 (full 1):
 garbage-first heap   total 92160K, used 29231K [0x0000000702200000, 0x0000000800000000)
  region size 2048K, 2 young (4096K), 2 survivors (4096K)
 Metaspace       used 67031K, committed 67712K, reserved 1114112K
  class space    used 9476K, committed 9792K, reserved 1048576K
}
Event: 118.060 GC heap before
{Heap before GC invocations=24 (full 1):
 garbage-first heap   total 92160K, used 76335K [0x0000000702200000, 0x0000000800000000)
  region size 2048K, 25 young (51200K), 2 survivors (4096K)
 Metaspace       used 66822K, committed 67776K, reserved 1114112K
  class space    used 9421K, committed 9792K, reserved 1048576K
}
Event: 118.064 GC heap after
{Heap after GC invocations=25 (full 1):
 garbage-first heap   total 92160K, used 30161K [0x0000000702200000, 0x0000000800000000)
  region size 2048K, 2 young (4096K), 2 survivors (4096K)
 Metaspace       used 66822K, committed 67776K, reserved 1114112K
  class space    used 9421K, committed 9792K, reserved 1048576K
}
Event: 123.584 GC heap before
{Heap before GC invocations=25 (full 1):
 garbage-first heap   total 92160K, used 77265K [0x0000000702200000, 0x0000000800000000)
  region size 2048K, 25 young (51200K), 2 survivors (4096K)
 Metaspace       used 67137K, committed 67776K, reserved 1114112K
  class space    used 9462K, committed 9792K, reserved 1048576K
}
Event: 123.592 GC heap after
{Heap after GC invocations=26 (full 1):
 garbage-first heap   total 92160K, used 32418K [0x0000000702200000, 0x0000000800000000)
  region size 2048K, 4 young (8192K), 4 survivors (8192K)
 Metaspace       used 67137K, committed 67776K, reserved 1114112K
  class space    used 9462K, committed 9792K, reserved 1048576K
}
Event: 124.385 GC heap before
{Heap before GC invocations=26 (full 1):
 garbage-first heap   total 92160K, used 71330K [0x0000000702200000, 0x0000000800000000)
  region size 2048K, 24 young (49152K), 4 survivors (8192K)
 Metaspace       used 67253K, committed 67904K, reserved 1114112K
  class space    used 9485K, committed 9792K, reserved 1048576K
}
Event: 124.392 GC heap after
{Heap after GC invocations=27 (full 1):
 garbage-first heap   total 92160K, used 35225K [0x0000000702200000, 0x0000000800000000)
  region size 2048K, 2 young (4096K), 2 survivors (4096K)
 Metaspace       used 67253K, committed 67904K, reserved 1114112K
  class space    used 9485K, committed 9792K, reserved 1048576K
}
Event: 129.172 GC heap before
{Heap before GC invocations=28 (full 1):
 garbage-first heap   total 92160K, used 76185K [0x0000000702200000, 0x0000000800000000)
  region size 2048K, 23 young (47104K), 2 survivors (4096K)
 Metaspace       used 67481K, committed 68096K, reserved 1114112K
  class space    used 9511K, committed 9792K, reserved 1048576K
}
Event: 129.176 GC heap after
{Heap after GC invocations=29 (full 1):
 garbage-first heap   total 92160K, used 37761K [0x0000000702200000, 0x0000000800000000)
  region size 2048K, 3 young (6144K), 3 survivors (6144K)
 Metaspace       used 67481K, committed 68096K, reserved 1114112K
  class space    used 9511K, committed 9792K, reserved 1048576K
}
Event: 138.396 GC heap before
{Heap before GC invocations=29 (full 1):
 garbage-first heap   total 92160K, used 74625K [0x0000000702200000, 0x0000000800000000)
  region size 2048K, 22 young (45056K), 3 survivors (6144K)
 Metaspace       used 67719K, committed 68416K, reserved 1114112K
  class space    used 9535K, committed 9856K, reserved 1048576K
}
Event: 138.402 GC heap after
{Heap after GC invocations=30 (full 1):
 garbage-first heap   total 92160K, used 39772K [0x0000000702200000, 0x0000000800000000)
  region size 2048K, 2 young (4096K), 2 survivors (4096K)
 Metaspace       used 67719K, committed 68416K, reserved 1114112K
  class space    used 9535K, committed 9856K, reserved 1048576K
}
Event: 143.002 GC heap before
{Heap before GC invocations=30 (full 1):
 garbage-first heap   total 92160K, used 76636K [0x0000000702200000, 0x0000000800000000)
  region size 2048K, 21 young (43008K), 2 survivors (4096K)
 Metaspace       used 67868K, committed 68544K, reserved 1114112K
  class space    used 9561K, committed 9856K, reserved 1048576K
}

